SF:lib/models/favorites.dart
DA:6,2
DA:8,1
DA:9,2
DA:10,1
DA:13,1
DA:14,2
DA:15,1
LF:7
LH:7
end_of_record
SF:lib/screens/home.dart
DA:13,1
DA:15,1
DA:16,1
DA:17,1
DA:18,1
DA:19,1
DA:20,1
DA:21,0
DA:22,0
DA:24,1
DA:25,1
DA:29,1
DA:33,2
DA:42,1
DA:46,1
DA:48,1
DA:50,1
DA:52,1
DA:53,1
DA:54,4
DA:56,1
DA:57,2
DA:58,3
DA:60,1
DA:61,3
DA:62,3
DA:63,1
DA:64,1
DA:65,1
DA:66,3
DA:67,2
DA:68,2
DA:69,2
DA:70,1
DA:71,4
DA:74,1
LF:36
LH:34
end_of_record
SF:lib/screens/favorites.dart
DA:10,0
DA:12,0
DA:13,0
DA:14,0
DA:16,0
DA:17,0
DA:18,0
DA:20,0
DA:30,0
DA:34,0
DA:36,0
DA:38,0
DA:39,0
DA:40,0
DA:42,0
DA:43,0
DA:44,0
DA:46,0
DA:47,0
DA:48,0
DA:49,0
DA:50,0
DA:51,0
DA:52,0
DA:53,0
DA:54,0
LF:26
LH:0
end_of_record
